{"A":"白棱镜","B":"羊驼","C":"流浪者","D":"熊猫"}
{"img":"http://tobefixed"}
{"A":"《我是歌手》","B":"《冰雪奇迹》","C":"《中国好歌曲》","D":"","ImgA":"http://wokao","ImgB":"http://woqu","ImgC":"http://woca","ImgD":""}
{"A":"《锦绣未央》","B":"《锦绣•长乐未央》","C":"《大话西游3》","D":"《锦绣末央》"}
{"img":"http://tobefixed"}
{"A":"《锦绣未央》","B":"《何以笙箫默》","C":"《九层妖塔》","D":"《大话西游3》","ImgA":"http://wokao","ImgB":"http://woqu","ImgC":"http://woca","ImgD":"http://wolai"}
{"A":"乌龟的阿基里斯","B":"谭某某","C":"传说","D":"边界"}
{"img":"http://tobefixed"}
{"A":"《中国之星》","B":"《春晚》","C":"《我是歌手》","D":"《中国达人秀》","ImgA":"http://wokao","ImgB":"http://woqu","ImgC":"http://woca","ImgD":"http://wolai"}
{"A":"满族","B":"汉族","C":"赫哲族","D":"朝鲜族"}
{"img":"http://tobefixed"}
{"A":"《万物生长》","B":"《致青春》","C":"《大武生》","D":"《大话西游3》","ImgA":"http://wokao","ImgB":"http://woqu","ImgC":"http://woca","ImgD":"http://wolai"}
{"A":"四阿哥","B":"八阿哥","C":"十四阿哥","D":"十阿哥"}
{"img":"http://tobefixed"}
{"A":"《蓝色矢车菊》","B":"《快手枪手快枪手》","C":"《武神赵子龙》","D":"","ImgA":"http://wokao","ImgB":"http://woqu","ImgC":"http://woca","ImgD":""}
{"A":"被中立拖累","B":"笔记","C":"天使之城","D":"谁动了我的琴弦"}
{"img":"http://tobefixed"}
{"A":"《唱游天下》","B":"《我是歌手》","C":"《我想和你唱》","D":"《梦想合唱团》","ImgA":"http://wokao","ImgB":"http://woqu","ImgC":"http://woca","ImgD":"http://wolai"}
{"A":"喜欢你","B":"黑凤梨","C":"稀饭你","D":"喜番你"}
{"img":"http://tobefixed"}
{"A":"《盲点》","B":"《新的心跳》","C":"《多远都要在一起》","D":"《再 见》","ImgA":"http://wokao","ImgB":"http://woqu","ImgC":"http://woca","ImgD":"http://wolai"}
{"A":"樱桃小丸子","B":"哆啦A梦","C":"蜡笔小新","D":"阿拉蕾"}
{"img":"http://tobefixed"}
{"A":"漂亮的李慧珍","B":"爱的阶梯","C":"克拉恋人","D":"麻辣变形计","ImgA":"http://wokao","ImgB":"http://woqu","ImgC":"http://woca","ImgD":"http://wolai"}
{"A":"花轮和彦","B":"丸尾末夫","C":"永泽君男","D":"大野健一"}
{"img":"http://tobefixed"}
{"A":"紫龙","B":"洛天依","C":"金木","D":"悟空","ImgA":"http://wokao","ImgB":"http://woqu","ImgC":"http://woca","ImgD":"http://wolai"}
{"A":"大美女","B":"小仙女","C":"大幂幂","D":"美幂幂"}
{"img":"http://tobefixed"}
{"A":"2013年","B":"2014年","C":"2015年","D":"2016年","ImgA":"http://wokao","ImgB":"http://woqu","ImgC":"http://woca","ImgD":"http://wolai"}
{"A":"大王","B":"人贩子","C":"等等","D":"宝宝"}
{"img":"http://tobefixed"}
{"A":"《前度》","B":"《因为爱情有幸福》","C":"《老九门》","D":"《古剑奇谭》","ImgA":"http://wokao","ImgB":"http://woqu","ImgC":"http://woca","ImgD":"http://wolai"}
{"A":"新作品上线，宣传小能手","B":"有最新自拍，自拍放送机","C":"法定节假日，节日播报员","D":"发生重大时事新闻，娱乐圈政委"}
{"img":"http://tobefixed"}
{"A":"《十二月的奇迹》","B":"《LOSE CONTROL》","C":"《MAMA》","D":"《Lotto》","ImgA":"http://wokao","ImgB":"http://woqu","ImgC":"http://woca","ImgD":"http://wolai"}
{"A":"双胞胎妹妹","B":"旗下艺人","C":"本人","D":"绯闻女友"}
{"img":"http://tobefixed"}
{"A":"《海派甜心》的林达浪","B":"《深圳合租记》的秦朗","C":"《篮球火》的元大鹰","D":"《西游降魔篇》的空虚公子","ImgA":"http://wokao","ImgB":"http://woqu","ImgC":"http://woca","ImgD":"http://wolai"}
{"A":"112cm","B":"180cm","C":"200cm","D":"118cm"}
{"img":"http://tobefixed"}
{"A":"这个世界上，没有聪明的罪犯，只有愚笨的警察。","B":"眼光这么高，就不怕嫁不出去吗？","C":"全世界的人都知道，只有她不知道","D":"从今天开始，我会替你去承担","ImgA":"http://wokao","ImgB":"http://woqu","ImgC":"http://woca","ImgD":"http://wolai"}
{"A":"《新红楼梦》","B":"《甄嬛传》","C":"《海上牧云记》","D":"《王子咖啡店》 "}
{"img":"http://tobefixed"}
{"A":"A","B":"B","C":"C","D":"D","ImgA":"http://wokao","ImgB":"http://woqu","ImgC":"http://woca","ImgD":"http://wolai"}